2025-09-17T14:18:16.037+05:30  INFO 15664 --- [user-service] [main] c.h.u.UserServiceApplicationTests        : Starting UserServiceApplicationTests using Java 17.0.10 with PID 15664 (started by 2000153919 in C:\Users\2000153919\Downloads\customersupportapp_microservice\user-service)
2025-09-17T14:18:16.045+05:30  INFO 15664 --- [user-service] [main] c.h.u.UserServiceApplicationTests        : No active profile set, falling back to 1 default profile: "default"
2025-09-17T14:18:18.737+05:30  INFO 15664 --- [user-service] [main] .s.d.r.c.RepositoryConfigurationDelegate : Bootstrapping Spring Data JPA repositories in DEFAULT mode.
2025-09-17T14:18:18.900+05:30  INFO 15664 --- [user-service] [main] .s.d.r.c.RepositoryConfigurationDelegate : Finished Spring Data repository scanning in 136 ms. Found 1 JPA repository interface.
2025-09-17T14:18:20.301+05:30  INFO 15664 --- [user-service] [main] o.hibernate.jpa.internal.util.LogHelper  : HHH000204: Processing PersistenceUnitInfo [name: default]
2025-09-17T14:18:20.739+05:30  INFO 15664 --- [user-service] [main] org.hibernate.Version                    : HHH000412: Hibernate ORM core version 6.6.26.Final
2025-09-17T14:18:20.934+05:30  INFO 15664 --- [user-service] [main] o.h.c.internal.RegionFactoryInitiator    : HHH000026: Second-level cache disabled
2025-09-17T14:18:22.199+05:30  INFO 15664 --- [user-service] [main] o.s.o.j.p.SpringPersistenceUnitInfo      : No LoadTimeWeaver setup: ignoring JPA class transformer
2025-09-17T14:18:22.306+05:30  INFO 15664 --- [user-service] [main] com.zaxxer.hikari.HikariDataSource       : HikariPool-1 - Starting...
2025-09-17T14:18:22.737+05:30  INFO 15664 --- [user-service] [main] com.zaxxer.hikari.pool.HikariPool        : HikariPool-1 - Added connection org.postgresql.jdbc.PgConnection@45bf93bb
2025-09-17T14:18:22.739+05:30  INFO 15664 --- [user-service] [main] com.zaxxer.hikari.HikariDataSource       : HikariPool-1 - Start completed.
2025-09-17T14:18:22.877+05:30  WARN 15664 --- [user-service] [main] org.hibernate.orm.deprecation            : HHH90000025: PostgreSQLDialect does not need to be specified explicitly using 'hibernate.dialect' (remove the property setting and it will be selected by default)
2025-09-17T14:18:22.930+05:30  INFO 15664 --- [user-service] [main] org.hibernate.orm.connections.pooling    : HHH10001005: Database info:
	Database JDBC URL [Connecting through datasource 'HikariDataSource (HikariPool-1)']
	Database driver: undefined/unknown
	Database version: 16.3
	Autocommit mode: undefined/unknown
	Isolation level: undefined/unknown
	Minimum pool size: undefined/unknown
	Maximum pool size: undefined/unknown
2025-09-17T14:18:25.210+05:30  INFO 15664 --- [user-service] [main] o.h.e.t.j.p.i.JtaPlatformInitiator       : HHH000489: No JTA platform available (set 'hibernate.transaction.jta.platform' to enable JTA platform integration)
2025-09-17T14:18:25.310+05:30  INFO 15664 --- [user-service] [main] j.LocalContainerEntityManagerFactoryBean : Initialized JPA EntityManagerFactory for persistence unit 'default'
2025-09-17T14:18:26.237+05:30  INFO 15664 --- [user-service] [main] r$InitializeUserDetailsManagerConfigurer : Global AuthenticationManager configured with UserDetailsService bean with name customUserDetailsService
2025-09-17T14:18:26.547+05:30  WARN 15664 --- [user-service] [main] JpaBaseConfiguration$JpaWebConfiguration : spring.jpa.open-in-view is enabled by default. Therefore, database queries may be performed during view rendering. Explicitly configure spring.jpa.open-in-view to disable this warning
2025-09-17T14:18:28.438+05:30  INFO 15664 --- [user-service] [main] c.h.u.UserServiceApplicationTests        : Started UserServiceApplicationTests in 13.187 seconds (process running for 15.635)
2025-09-17T14:18:29.157+05:30  INFO 15664 --- [user-service] [SpringApplicationShutdownHook] j.LocalContainerEntityManagerFactoryBean : Closing JPA EntityManagerFactory for persistence unit 'default'
2025-09-17T14:18:29.163+05:30  INFO 15664 --- [user-service] [SpringApplicationShutdownHook] com.zaxxer.hikari.HikariDataSource       : HikariPool-1 - Shutdown initiated...
2025-09-17T14:18:29.168+05:30  INFO 15664 --- [user-service] [SpringApplicationShutdownHook] com.zaxxer.hikari.HikariDataSource       : HikariPool-1 - Shutdown completed.
2025-09-17T14:27:30.735+05:30  INFO 15296 --- [user-service] [main] c.h.u.UserServiceApplicationTests        : Starting UserServiceApplicationTests using Java 17.0.10 with PID 15296 (started by 2000153919 in C:\Users\2000153919\Downloads\customersupportapp_microservice\user-service)
2025-09-17T14:27:30.737+05:30  INFO 15296 --- [user-service] [main] c.h.u.UserServiceApplicationTests        : No active profile set, falling back to 1 default profile: "default"
2025-09-17T14:27:32.007+05:30  INFO 15296 --- [user-service] [main] .s.d.r.c.RepositoryConfigurationDelegate : Bootstrapping Spring Data JPA repositories in DEFAULT mode.
2025-09-17T14:27:32.141+05:30  INFO 15296 --- [user-service] [main] .s.d.r.c.RepositoryConfigurationDelegate : Finished Spring Data repository scanning in 117 ms. Found 1 JPA repository interface.
2025-09-17T14:27:32.908+05:30  INFO 15296 --- [user-service] [main] o.hibernate.jpa.internal.util.LogHelper  : HHH000204: Processing PersistenceUnitInfo [name: default]
2025-09-17T14:27:33.011+05:30  INFO 15296 --- [user-service] [main] org.hibernate.Version                    : HHH000412: Hibernate ORM core version 6.6.26.Final
2025-09-17T14:27:33.057+05:30  INFO 15296 --- [user-service] [main] o.h.c.internal.RegionFactoryInitiator    : HHH000026: Second-level cache disabled
2025-09-17T14:27:33.515+05:30  INFO 15296 --- [user-service] [main] o.s.o.j.p.SpringPersistenceUnitInfo      : No LoadTimeWeaver setup: ignoring JPA class transformer
2025-09-17T14:27:33.559+05:30  INFO 15296 --- [user-service] [main] com.zaxxer.hikari.HikariDataSource       : HikariPool-1 - Starting...
2025-09-17T14:27:33.850+05:30  INFO 15296 --- [user-service] [main] com.zaxxer.hikari.pool.HikariPool        : HikariPool-1 - Added connection org.postgresql.jdbc.PgConnection@58021c3c
2025-09-17T14:27:33.853+05:30  INFO 15296 --- [user-service] [main] com.zaxxer.hikari.HikariDataSource       : HikariPool-1 - Start completed.
2025-09-17T14:27:33.901+05:30  WARN 15296 --- [user-service] [main] org.hibernate.orm.deprecation            : HHH90000025: PostgreSQLDialect does not need to be specified explicitly using 'hibernate.dialect' (remove the property setting and it will be selected by default)
2025-09-17T14:27:33.945+05:30  INFO 15296 --- [user-service] [main] org.hibernate.orm.connections.pooling    : HHH10001005: Database info:
	Database JDBC URL [Connecting through datasource 'HikariDataSource (HikariPool-1)']
	Database driver: undefined/unknown
	Database version: 16.3
	Autocommit mode: undefined/unknown
	Isolation level: undefined/unknown
	Minimum pool size: undefined/unknown
	Maximum pool size: undefined/unknown
2025-09-17T14:27:35.046+05:30  INFO 15296 --- [user-service] [main] o.h.e.t.j.p.i.JtaPlatformInitiator       : HHH000489: No JTA platform available (set 'hibernate.transaction.jta.platform' to enable JTA platform integration)
2025-09-17T14:27:35.101+05:30  INFO 15296 --- [user-service] [main] j.LocalContainerEntityManagerFactoryBean : Initialized JPA EntityManagerFactory for persistence unit 'default'
2025-09-17T14:27:35.565+05:30  INFO 15296 --- [user-service] [main] r$InitializeUserDetailsManagerConfigurer : Global AuthenticationManager configured with UserDetailsService bean with name customUserDetailsService
2025-09-17T14:27:35.766+05:30  WARN 15296 --- [user-service] [main] JpaBaseConfiguration$JpaWebConfiguration : spring.jpa.open-in-view is enabled by default. Therefore, database queries may be performed during view rendering. Explicitly configure spring.jpa.open-in-view to disable this warning
2025-09-17T14:27:36.753+05:30  INFO 15296 --- [user-service] [main] c.h.u.UserServiceApplicationTests        : Started UserServiceApplicationTests in 6.472 seconds (process running for 7.667)
2025-09-17T14:27:37.339+05:30  INFO 15296 --- [user-service] [SpringApplicationShutdownHook] j.LocalContainerEntityManagerFactoryBean : Closing JPA EntityManagerFactory for persistence unit 'default'
2025-09-17T14:27:37.344+05:30  INFO 15296 --- [user-service] [SpringApplicationShutdownHook] com.zaxxer.hikari.HikariDataSource       : HikariPool-1 - Shutdown initiated...
2025-09-17T14:27:37.354+05:30  INFO 15296 --- [user-service] [SpringApplicationShutdownHook] com.zaxxer.hikari.HikariDataSource       : HikariPool-1 - Shutdown completed.
