2025-09-12T18:22:14.729+05:30  INFO 8552 --- [ticket-service] [main] c.h.t.TicketServiceApplicationTests      : Starting TicketServiceApplicationTests using Java 17.0.10 with PID 8552 (started by 2000153919 in C:\Users\2000153919\Downloads\customersupportapp_microservice\ticket-service)
2025-09-12T18:22:14.744+05:30  INFO 8552 --- [ticket-service] [main] c.h.t.TicketServiceApplicationTests      : No active profile set, falling back to 1 default profile: "default"
2025-09-12T18:22:15.943+05:30  INFO 8552 --- [ticket-service] [main] .s.d.r.c.RepositoryConfigurationDelegate : Bootstrapping Spring Data JPA repositories in DEFAULT mode.
2025-09-12T18:22:16.053+05:30  INFO 8552 --- [ticket-service] [main] .s.d.r.c.RepositoryConfigurationDelegate : Finished Spring Data repository scanning in 92 ms. Found 2 JPA repository interfaces.
2025-09-12T18:22:16.349+05:30  INFO 8552 --- [ticket-service] [main] o.s.cloud.context.scope.GenericScope     : BeanFactory id=e7d2d385-d503-306f-b78c-4d0eea15b124
2025-09-12T18:22:16.867+05:30  INFO 8552 --- [ticket-service] [main] o.hibernate.jpa.internal.util.LogHelper  : HHH000204: Processing PersistenceUnitInfo [name: default]
2025-09-12T18:22:16.929+05:30  INFO 8552 --- [ticket-service] [main] org.hibernate.Version                    : HHH000412: Hibernate ORM core version 6.6.26.Final
2025-09-12T18:22:16.976+05:30  INFO 8552 --- [ticket-service] [main] o.h.c.internal.RegionFactoryInitiator    : HHH000026: Second-level cache disabled
2025-09-12T18:22:17.336+05:30  INFO 8552 --- [ticket-service] [main] o.s.o.j.p.SpringPersistenceUnitInfo      : No LoadTimeWeaver setup: ignoring JPA class transformer
2025-09-12T18:22:17.367+05:30  INFO 8552 --- [ticket-service] [main] com.zaxxer.hikari.HikariDataSource       : HikariPool-1 - Starting...
2025-09-12T18:22:17.601+05:30  INFO 8552 --- [ticket-service] [main] com.zaxxer.hikari.pool.HikariPool        : HikariPool-1 - Added connection org.postgresql.jdbc.PgConnection@2aafa84f
2025-09-12T18:22:17.601+05:30  INFO 8552 --- [ticket-service] [main] com.zaxxer.hikari.HikariDataSource       : HikariPool-1 - Start completed.
2025-09-12T18:22:17.648+05:30  WARN 8552 --- [ticket-service] [main] org.hibernate.orm.deprecation            : HHH90000025: PostgreSQLDialect does not need to be specified explicitly using 'hibernate.dialect' (remove the property setting and it will be selected by default)
2025-09-12T18:22:17.679+05:30  INFO 8552 --- [ticket-service] [main] org.hibernate.orm.connections.pooling    : HHH10001005: Database info:
	Database JDBC URL [Connecting through datasource 'HikariDataSource (HikariPool-1)']
	Database driver: undefined/unknown
	Database version: 16.3
	Autocommit mode: undefined/unknown
	Isolation level: undefined/unknown
	Minimum pool size: undefined/unknown
	Maximum pool size: undefined/unknown
2025-09-12T18:22:18.733+05:30  INFO 8552 --- [ticket-service] [main] o.h.e.t.j.p.i.JtaPlatformInitiator       : HHH000489: No JTA platform available (set 'hibernate.transaction.jta.platform' to enable JTA platform integration)
2025-09-12T18:22:18.875+05:30  INFO 8552 --- [ticket-service] [main] j.LocalContainerEntityManagerFactoryBean : Initialized JPA EntityManagerFactory for persistence unit 'default'
2025-09-12T18:22:19.422+05:30  WARN 8552 --- [ticket-service] [main] JpaBaseConfiguration$JpaWebConfiguration : spring.jpa.open-in-view is enabled by default. Therefore, database queries may be performed during view rendering. Explicitly configure spring.jpa.open-in-view to disable this warning
2025-09-12T18:22:19.813+05:30  WARN 8552 --- [ticket-service] [main] .s.s.UserDetailsServiceAutoConfiguration : 

Using generated security password: 7ec89fe1-11bc-4ce2-883d-6ccfd4c68d82

This generated password is for development use only. Your security configuration must be updated before running your application in production.

2025-09-12T18:22:19.828+05:30  INFO 8552 --- [ticket-service] [main] r$InitializeUserDetailsManagerConfigurer : Global AuthenticationManager configured with UserDetailsService bean with name inMemoryUserDetailsManager
2025-09-12T18:22:20.704+05:30  INFO 8552 --- [ticket-service] [main] c.h.t.TicketServiceApplicationTests      : Started TicketServiceApplicationTests in 6.645 seconds (process running for 8.059)
2025-09-12T18:22:21.470+05:30  INFO 8552 --- [ticket-service] [SpringApplicationShutdownHook] j.LocalContainerEntityManagerFactoryBean : Closing JPA EntityManagerFactory for persistence unit 'default'
2025-09-12T18:22:21.470+05:30  INFO 8552 --- [ticket-service] [SpringApplicationShutdownHook] com.zaxxer.hikari.HikariDataSource       : HikariPool-1 - Shutdown initiated...
2025-09-12T18:22:21.470+05:30  INFO 8552 --- [ticket-service] [SpringApplicationShutdownHook] com.zaxxer.hikari.HikariDataSource       : HikariPool-1 - Shutdown completed.
